Build started 2014-05-14 오전 11:37:36.
     1>Project "G:\Ninja_Espionage_4.7\tinyxml\tinyxml.vcxproj" on node 2 (Build target(s)).
     1>ClCompile:
         C:\Program Files (x86)\Microsoft Visual Studio 12.0\VC\bin\CL.exe /c /ZI /nologo /W3 /WX- /sdl /Od /Oy- /D WIN32 /D _DEBUG /D _LIB /D USE_STANDARD_FILE_FUNCTIONS /D _CRT_SECURE_NO_WARNINGS /D _UNICODE /D UNICODE /Gm /EHsc /RTC1 /MDd /GS /fp:precise /Zc:wchar_t /Zc:forScope /Fo"G:\Ninja_Espionage_4.7\Temp\tinyxml\Debug\\" /Fd"G:\Ninja_Espionage_4.7\Temp\tinyxml\Debug\vc120.pdb" /Gd /TP /analyze- /errorReport:prompt src\tinyxml\tinystr.cpp src\tinyxml\tinyxml.cpp src\tinyxml\tinyxmlerror.cpp src\tinyxml\tinyxmlparser.cpp src\tinyxml\xmltest.cpp src\tinyxml_VS\stdafx.cpp
         stdafx.cpp
         xmltest.cpp
     1>g:\ninja_espionage_4.7\tinyxml\src\tinyxml\xmltest.cpp(943): warning C4819: The file contains a character that cannot be represented in the current code page (949). Save the file in Unicode format to prevent data loss
     1>g:\ninja_espionage_4.7\tinyxml\src\tinyxml\xmltest.cpp(1127): error C2001: newline in constant
     1>g:\ninja_espionage_4.7\tinyxml\src\tinyxml\xmltest.cpp(1134): error C2001: newline in constant
     1>g:\ninja_espionage_4.7\tinyxml\src\tinyxml\xmltest.cpp(1135): error C2146: syntax error : missing ')' before identifier 'TiXmlHandle'
     1>g:\ninja_espionage_4.7\tinyxml\src\tinyxml\xmltest.cpp(1137): error C2065: 'tHandle' : undeclared identifier
     1>g:\ninja_espionage_4.7\tinyxml\src\tinyxml\xmltest.cpp(1137): error C2228: left of '.Text' must have class/struct/union
                 type is 'unknown-type'
     1>g:\ninja_espionage_4.7\tinyxml\src\tinyxml\xmltest.cpp(1138): error C2001: newline in constant
     1>g:\ninja_espionage_4.7\tinyxml\src\tinyxml\xmltest.cpp(1139): error C2143: syntax error : missing ')' before '}'
     1>g:\ninja_espionage_4.7\tinyxml\src\tinyxml\xmltest.cpp(1139): error C2661: 'XmlTest' : no overloaded function takes 2 arguments
         tinyxmlparser.cpp
         tinyxmlerror.cpp
         tinyxml.cpp
         tinystr.cpp
         Generating Code...
     1>Done Building Project "G:\Ninja_Espionage_4.7\tinyxml\tinyxml.vcxproj" (Build target(s)) -- FAILED.

Build FAILED.

Time Elapsed 00:00:06.01
